<?xml version="1.0" encoding="UTF-8"?>
<testng-results skipped="0" failed="0" ignored="0" total="1" passed="1">
  <reporter-output>
  </reporter-output>
  <suite name="Default suite" duration-ms="6462" started-at="2022-12-09T13:01:05Z" finished-at="2022-12-09T13:01:11Z">
    <groups>
    </groups>
    <test name="Default test" duration-ms="6462" started-at="2022-12-09T13:01:05Z" finished-at="2022-12-09T13:01:11Z">
      <class name="org.BMC.UpdateAPi">
        <test-method status="PASS" signature="update()[pri:0, instance:org.BMC.UpdateAPi@39529185]" name="update" duration-ms="6361" started-at="2022-12-09T13:01:05Z" finished-at="2022-12-09T13:01:11Z">
          <reporter-output>
          </reporter-output>
        </test-method> <!-- update -->
      </class> <!-- org.BMC.UpdateAPi -->
    </test> <!-- Default test -->
  </suite> <!-- Default suite -->
</testng-results>
